<?xml version="1.0" encoding="UTF-8"?>
<!-- Generated by org.testng.reporters.JUnitReportReporter -->
<testsuite skipped="0" hostname="DESKTOP-U4V95G6" name="com.Assignment.Login.RegisterAccount" tests="1" failures="0" timestamp="2022-07-02T15:13:16 IST" time="11.721" errors="0">
  <testcase name="AccountRegistration" time="11.721" classname="com.Assignment.Login.RegisterAccount"/>
  <system-out>
    <![CDATA[AccountRegistration - Method Started
Login Page Displayed : Pass
Authentication Label Displayed- PASS
Accounts Page Displayed : Pass
Verified Surename  Displayed correctly: Pass
AccountRegistration- Method Success]]>
  </system-out>
</testsuite> <!-- com.Assignment.Login.RegisterAccount -->
