<?xml version="1.0" encoding="UTF-8"?>
<!-- Generated by org.testng.reporters.JUnitReportReporter -->
<testsuite skipped="0" hostname="DESKTOP-U4V95G6" name="com.Assignment.Login.VerifySignIn" tests="1" failures="0" timestamp="2022-07-02T18:08:28 IST" time="12.939" errors="0">
  <testcase name="verifySignInOfValidUser" time="12.939" classname="com.Assignment.Login.VerifySignIn"/>
  <system-out>
    <![CDATA[verifySignInOfValidUser - Method Started
Login Page Displayed : Pass
Accounts Page Displayed : Pass
verifySignInOfValidUser- Method Success]]>
  </system-out>
</testsuite> <!-- com.Assignment.Login.VerifySignIn -->
