<?xml version="1.0" encoding="UTF-8"?>
<!-- Generated by org.testng.reporters.JUnitReportReporter -->
<testsuite skipped="0" hostname="DESKTOP-U4V95G6" name="com.Assignment.Login.VerifyLogin" tests="1" failures="0" timestamp="2022-07-02T13:00:37 IST" time="3.455" errors="0">
  <testcase name="loginPageVerification" time="3.455" classname="com.Assignment.Login.VerifyLogin"/>
  <system-out>
    <![CDATA[loginPageVerification - Method Started
Login Page Displayed : Pass
loginPageVerification- Method Success]]>
  </system-out>
</testsuite> <!-- com.Assignment.Login.VerifyLogin -->
