<?xml version="1.0" encoding="UTF-8"?>
<!-- Generated by org.testng.reporters.JUnitReportReporter -->
<testsuite skipped="0" hostname="DESKTOP-U4V95G6" name="com.Assignment.Login.CreateAccount" tests="1" failures="0" timestamp="2022-07-02T13:15:36 IST" time="5.848" errors="0">
  <testcase name="createAccount" time="5.848" classname="com.Assignment.Login.CreateAccount"/>
  <system-out>
    <![CDATA[createAccount - Method Started
Login Page Displayed : Pass
Authentication Label Displayed- PASS
createAccount- Method Success]]>
  </system-out>
</testsuite> <!-- com.Assignment.Login.CreateAccount -->
